{"/home/ghranek/midoghranek/use-apple-pay/src/index.tsx": {"path":"/home/ghranek/midoghranek/use-apple-pay/src/index.tsx","statementMap":{"0":{"start":{"line":2,"column":0},"end":{"line":2,"column":24}},"1":{"start":{"line":3,"column":0},"end":{"line":3,"column":24}},"2":{"start":{"line":4,"column":0},"end":{"line":4,"column":21}}},"fnMap":{},"branchMap":{},"s":{"0":0,"1":0,"2":0},"f":{},"b":{}}
,"/home/ghranek/midoghranek/use-apple-pay/src/__tests__/setup.ts": {"path":"/home/ghranek/midoghranek/use-apple-pay/src/__tests__/setup.ts","statementMap":{"0":{"start":{"line":1,"column":0},"end":{"line":1,"column":35}},"1":{"start":{"line":4,"column":0},"end":{"line":7,"column":3}},"2":{"start":{"line":10,"column":0},"end":{"line":10,"column":25}},"3":{"start":{"line":13,"column":0},"end":{"line":16,"column":3}},"4":{"start":{"line":19,"column":0},"end":{"line":21,"column":3}},"5":{"start":{"line":20,"column":2},"end":{"line":20,"column":23}}},"fnMap":{"0":{"name":"(anonymous_0)","decl":{"start":{"line":19,"column":10},"end":{"line":19,"column":null}},"loc":{"start":{"line":19,"column":10},"end":{"line":21,"column":1}}}},"branchMap":{},"s":{"0":0,"1":0,"2":0,"3":0,"4":0,"5":0},"f":{"0":0},"b":{}}
,"/home/ghranek/midoghranek/use-apple-pay/src/hooks/index.ts": {"path":"/home/ghranek/midoghranek/use-apple-pay/src/hooks/index.ts","statementMap":{"0":{"start":{"line":1,"column":0},"end":{"line":1,"column":9}},"1":{"start":{"line":1,"column":9},"end":{"line":1,"column":44}},"2":{"start":{"line":2,"column":0},"end":{"line":2,"column":9}},"3":{"start":{"line":2,"column":9},"end":{"line":2,"column":40}}},"fnMap":{"0":{"name":"(anonymous_0)","decl":{"start":{"line":1,"column":9},"end":{"line":1,"column":20}},"loc":{"start":{"line":1,"column":9},"end":{"line":1,"column":44}}},"1":{"name":"(anonymous_1)","decl":{"start":{"line":2,"column":9},"end":{"line":2,"column":18}},"loc":{"start":{"line":2,"column":9},"end":{"line":2,"column":40}}}},"branchMap":{},"s":{"0":0,"1":0,"2":0,"3":0},"f":{"0":0,"1":0},"b":{}}
,"/home/ghranek/midoghranek/use-apple-pay/src/hooks/useApplePay.ts": {"path":"/home/ghranek/midoghranek/use-apple-pay/src/hooks/useApplePay.ts","statementMap":{"0":{"start":{"line":2,"column":0},"end":{"line":2,"column":47}},"1":{"start":{"line":5,"column":27},"end":{"line":39,"column":1}},"2":{"start":{"line":6,"column":16},"end":{"line":6,"column":null}},"3":{"start":{"line":7,"column":20},"end":{"line":7,"column":null}},"4":{"start":{"line":8,"column":21},"end":{"line":8,"column":null}},"5":{"start":{"line":9,"column":10},"end":{"line":9,"column":null}},"6":{"start":{"line":10,"column":2},"end":{"line":10,"column":14}},"7":{"start":{"line":10,"column":14},"end":{"line":10,"column":null}},"8":{"start":{"line":12,"column":42},"end":{"line":24,"column":null}},"9":{"start":{"line":13,"column":4},"end":{"line":13,"column":51}},"10":{"start":{"line":13,"column":44},"end":{"line":13,"column":51}},"11":{"start":{"line":14,"column":20},"end":{"line":14,"column":58}},"12":{"start":{"line":15,"column":4},"end":{"line":15,"column":77}},"13":{"start":{"line":15,"column":42},"end":{"line":15,"column":77}},"14":{"start":{"line":16,"column":4},"end":{"line":16,"column":79}},"15":{"start":{"line":16,"column":43},"end":{"line":16,"column":79}},"16":{"start":{"line":17,"column":4},"end":{"line":17,"column":57}},"17":{"start":{"line":17,"column":32},"end":{"line":17,"column":57}},"18":{"start":{"line":18,"column":4},"end":{"line":18,"column":20}},"19":{"start":{"line":27,"column":2},"end":{"line":36,"column":43}},"20":{"start":{"line":28,"column":4},"end":{"line":30,"column":53}},"21":{"start":{"line":31,"column":4},"end":{"line":35,"column":6}},"22":{"start":{"line":32,"column":6},"end":{"line":34,"column":58}},"23":{"start":{"line":38,"column":2},"end":{"line":38,"column":53}},"24":{"start":{"line":5,"column":13},"end":{"line":5,"column":27}}},"fnMap":{"0":{"name":"(anonymous_0)","decl":{"start":{"line":5,"column":27},"end":{"line":5,"column":28}},"loc":{"start":{"line":11,"column":21},"end":{"line":39,"column":1}}},"1":{"name":"(anonymous_1)","decl":{"start":{"line":12,"column":54},"end":{"line":12,"column":null}},"loc":{"start":{"line":12,"column":54},"end":{"line":19,"column":3}}},"2":{"name":"(anonymous_2)","decl":{"start":{"line":15,"column":33},"end":{"line":15,"column":38}},"loc":{"start":{"line":15,"column":38},"end":{"line":15,"column":60}}},"3":{"name":"(anonymous_3)","decl":{"start":{"line":16,"column":34},"end":{"line":16,"column":39}},"loc":{"start":{"line":16,"column":39},"end":{"line":16,"column":62}}},"4":{"name":"(anonymous_4)","decl":{"start":{"line":17,"column":23},"end":{"line":17,"column":28}},"loc":{"start":{"line":17,"column":28},"end":{"line":17,"column":40}}},"5":{"name":"(anonymous_5)","decl":{"start":{"line":27,"column":12},"end":{"line":27,"column":null}},"loc":{"start":{"line":27,"column":12},"end":{"line":36,"column":3}}},"6":{"name":"(anonymous_6)","decl":{"start":{"line":31,"column":11},"end":{"line":31,"column":null}},"loc":{"start":{"line":31,"column":11},"end":{"line":35,"column":5}}}},"branchMap":{"0":{"loc":{"start":{"line":10,"column":14},"end":{"line":10,"column":null}},"type":"cond-expr","locations":[{"start":{"line":10,"column":17},"end":{"line":10,"column":19}},{"start":{"line":10,"column":19},"end":{"line":10,"column":null}}]},"1":{"loc":{"start":{"line":13,"column":4},"end":{"line":13,"column":51}},"type":"if","locations":[{"start":{"line":13,"column":4},"end":{"line":13,"column":51}}]},"2":{"loc":{"start":{"line":28,"column":4},"end":{"line":30,"column":52}},"type":"cond-expr","locations":[{"start":{"line":29,"column":40},"end":{"line":29,"column":null}},{"start":{"line":29,"column":40},"end":{"line":30,"column":52}}]},"3":{"loc":{"start":{"line":28,"column":4},"end":{"line":29,"column":null}},"type":"binary-expr","locations":[{"start":{"line":28,"column":4},"end":{"line":29,"column":null}},{"start":{"line":29,"column":40},"end":{"line":29,"column":null}}]},"4":{"loc":{"start":{"line":32,"column":6},"end":{"line":34,"column":57}},"type":"cond-expr","locations":[{"start":{"line":33,"column":42},"end":{"line":33,"column":null}},{"start":{"line":33,"column":42},"end":{"line":34,"column":57}}]},"5":{"loc":{"start":{"line":32,"column":6},"end":{"line":33,"column":null}},"type":"binary-expr","locations":[{"start":{"line":32,"column":6},"end":{"line":33,"column":null}},{"start":{"line":33,"column":42},"end":{"line":33,"column":null}}]}},"s":{"0":1,"1":1,"2":0,"3":0,"4":0,"5":0,"6":0,"7":0,"8":0,"9":0,"10":0,"11":0,"12":0,"13":0,"14":0,"15":0,"16":0,"17":0,"18":0,"19":0,"20":0,"21":0,"22":0,"23":0,"24":1},"f":{"0":0,"1":0,"2":0,"3":0,"4":0,"5":0,"6":0},"b":{"0":[0,0],"1":[0],"2":[0,0],"3":[0,0],"4":[0,0],"5":[0,0]}}
,"/home/ghranek/midoghranek/use-apple-pay/src/hooks/useScript.ts": {"path":"/home/ghranek/midoghranek/use-apple-pay/src/hooks/useScript.ts","statementMap":{"0":{"start":{"line":1,"column":0},"end":{"line":1,"column":34}},"1":{"start":{"line":3,"column":25},"end":{"line":13,"column":1}},"2":{"start":{"line":4,"column":2},"end":{"line":12,"column":12}},"3":{"start":{"line":5,"column":19},"end":{"line":5,"column":51}},"4":{"start":{"line":6,"column":4},"end":{"line":6,"column":21}},"5":{"start":{"line":7,"column":4},"end":{"line":7,"column":24}},"6":{"start":{"line":8,"column":4},"end":{"line":8,"column":38}},"7":{"start":{"line":9,"column":4},"end":{"line":11,"column":6}},"8":{"start":{"line":10,"column":6},"end":{"line":10,"column":40}},"9":{"start":{"line":3,"column":13},"end":{"line":3,"column":25}}},"fnMap":{"0":{"name":"(anonymous_0)","decl":{"start":{"line":3,"column":25},"end":{"line":3,"column":26}},"loc":{"start":{"line":3,"column":37},"end":{"line":13,"column":1}}},"1":{"name":"(anonymous_1)","decl":{"start":{"line":4,"column":12},"end":{"line":4,"column":null}},"loc":{"start":{"line":4,"column":12},"end":{"line":12,"column":3}}},"2":{"name":"(anonymous_2)","decl":{"start":{"line":9,"column":11},"end":{"line":9,"column":null}},"loc":{"start":{"line":9,"column":11},"end":{"line":11,"column":5}}}},"branchMap":{},"s":{"0":2,"1":2,"2":0,"3":0,"4":0,"5":0,"6":0,"7":0,"8":0,"9":2},"f":{"0":0,"1":0,"2":0},"b":{}}
,"/home/ghranek/midoghranek/use-apple-pay/src/ui/ApplePayButton.tsx": {"path":"/home/ghranek/midoghranek/use-apple-pay/src/ui/ApplePayButton.tsx","statementMap":{"0":{"start":{"line":1,"column":0},"end":{"line":1,"column":49}},"1":{"start":{"line":3,"column":0},"end":{"line":3,"column":37}},"2":{"start":{"line":4,"column":0},"end":{"line":4,"column":47}},"3":{"start":{"line":15,"column":55},"end":{"line":26,"column":1}},"4":{"start":{"line":16,"column":2},"end":{"line":16,"column":72}},"5":{"start":{"line":17,"column":2},"end":{"line":25,"column":4}},"6":{"start":{"line":15,"column":13},"end":{"line":15,"column":55}},"7":{"start":{"line":28,"column":29},"end":{"line":36,"column":2}}},"fnMap":{"0":{"name":"(anonymous_0)","decl":{"start":{"line":15,"column":55},"end":{"line":15,"column":60}},"loc":{"start":{"line":15,"column":60},"end":{"line":26,"column":1}}}},"branchMap":{"0":{"loc":{"start":{"line":20,"column":21},"end":{"line":20,"column":49}},"type":"binary-expr","locations":[{"start":{"line":20,"column":21},"end":{"line":20,"column":38}},{"start":{"line":20,"column":42},"end":{"line":20,"column":49}}]},"1":{"loc":{"start":{"line":21,"column":14},"end":{"line":21,"column":33}},"type":"binary-expr","locations":[{"start":{"line":21,"column":14},"end":{"line":21,"column":24}},{"start":{"line":21,"column":28},"end":{"line":21,"column":33}}]},"2":{"loc":{"start":{"line":22,"column":16},"end":{"line":22,"column":39}},"type":"binary-expr","locations":[{"start":{"line":22,"column":16},"end":{"line":22,"column":28}},{"start":{"line":22,"column":32},"end":{"line":22,"column":39}}]},"3":{"loc":{"start":{"line":28,"column":39},"end":{"line":36,"column":2}},"type":"binary-expr","locations":[{"start":{"line":28,"column":39},"end":{"line":28,"column":null}},{"start":{"line":28,"column":39},"end":{"line":36,"column":2}}]}},"s":{"0":1,"1":1,"2":1,"3":1,"4":0,"5":0,"6":1,"7":1},"f":{"0":0},"b":{"0":[0,0],"1":[0,0],"2":[0,0],"3":[1,1]}}
,"/home/ghranek/midoghranek/use-apple-pay/src/ui/index.ts": {"path":"/home/ghranek/midoghranek/use-apple-pay/src/ui/index.ts","statementMap":{"0":{"start":{"line":1,"column":0},"end":{"line":1,"column":33}}},"fnMap":{},"branchMap":{},"s":{"0":0},"f":{},"b":{}}
}
